<?xml version="1.0" encoding="UTF-8"?>
<testng-results skipped="0" failed="0" ignored="0" total="1" passed="1">
  <reporter-output>
  </reporter-output>
  <suite name="Default suite" duration-ms="85356" started-at="2018-06-22T08:52:15Z" finished-at="2018-06-22T08:53:41Z">
    <groups>
    </groups>
    <test name="Default test" duration-ms="85356" started-at="2018-06-22T08:52:15Z" finished-at="2018-06-22T08:53:41Z">
      <class name="Scripts.SearchProduct">
        <test-method status="PASS" signature="openApp()[pri:0, instance:Scripts.SearchProduct@2f943d71]" name="openApp" is-config="true" duration-ms="30659" started-at="2018-06-22T08:52:15Z" finished-at="2018-06-22T08:52:46Z">
          <reporter-output>
          </reporter-output>
        </test-method> <!-- openApp -->
        <test-method status="PASS" signature="testingScript()[pri:0, instance:Scripts.SearchProduct@2f943d71]" name="testingScript" duration-ms="54659" started-at="2018-06-22T08:52:46Z" finished-at="2018-06-22T08:53:41Z">
          <reporter-output>
          </reporter-output>
        </test-method> <!-- testingScript -->
        <test-method status="PASS" signature="closeApp()[pri:0, instance:Scripts.SearchProduct@2f943d71]" name="closeApp" is-config="true" duration-ms="0" started-at="2018-06-22T08:53:41Z" finished-at="2018-06-22T08:53:41Z">
          <reporter-output>
          </reporter-output>
        </test-method> <!-- closeApp -->
      </class> <!-- Scripts.SearchProduct -->
    </test> <!-- Default test -->
  </suite> <!-- Default suite -->
</testng-results>
